2018-02-25T15:05:45.339+0800 I CONTROL  [initandlisten] MongoDB starting : pid=48738 port=27017 dbpath=/Users/stephenliu/Desktop/shopping/./server/db/data 64-bit host=STEVENYZLIU-MB0
2018-02-25T15:05:45.340+0800 I CONTROL  [initandlisten] db version v3.6.2
2018-02-25T15:05:45.340+0800 I CONTROL  [initandlisten] git version: 489d177dbd0f0420a8ca04d39fd78d0a2c539420
2018-02-25T15:05:45.345+0800 I CONTROL  [initandlisten] OpenSSL version: OpenSSL 0.9.8zh 14 Jan 2016
2018-02-25T15:05:45.345+0800 I CONTROL  [initandlisten] allocator: system
2018-02-25T15:05:45.345+0800 I CONTROL  [initandlisten] modules: none
2018-02-25T15:05:45.345+0800 I CONTROL  [initandlisten] build environment:
2018-02-25T15:05:45.345+0800 I CONTROL  [initandlisten]     distarch: x86_64
2018-02-25T15:05:45.345+0800 I CONTROL  [initandlisten]     target_arch: x86_64
2018-02-25T15:05:45.345+0800 I CONTROL  [initandlisten] options: { processManagement: { fork: true }, storage: { dbPath: "./server/db/data" }, systemLog: { destination: "file", path: "./server/db/logs/mongodb.log" } }
2018-02-25T15:05:45.346+0800 I STORAGE  [initandlisten] wiredtiger_open config: create,cache_size=7680M,session_max=20000,eviction=(threads_min=4,threads_max=4),config_base=false,statistics=(fast),log=(enabled=true,archive=true,path=journal,compressor=snappy),file_manager=(close_idle_time=100000),statistics_log=(wait=0),verbose=(recovery_progress),
2018-02-25T15:05:45.447+0800 I CONTROL  [initandlisten] 
2018-02-25T15:05:45.447+0800 I CONTROL  [initandlisten] ** WARNING: Access control is not enabled for the database.
2018-02-25T15:05:45.447+0800 I CONTROL  [initandlisten] **          Read and write access to data and configuration is unrestricted.
2018-02-25T15:05:45.447+0800 I CONTROL  [initandlisten] 
2018-02-25T15:05:45.447+0800 I CONTROL  [initandlisten] ** WARNING: This server is bound to localhost.
2018-02-25T15:05:45.447+0800 I CONTROL  [initandlisten] **          Remote systems will be unable to connect to this server. 
2018-02-25T15:05:45.447+0800 I CONTROL  [initandlisten] **          Start the server with --bind_ip <address> to specify which IP 
2018-02-25T15:05:45.447+0800 I CONTROL  [initandlisten] **          addresses it should serve responses from, or with --bind_ip_all to
2018-02-25T15:05:45.447+0800 I CONTROL  [initandlisten] **          bind to all interfaces. If this behavior is desired, start the
2018-02-25T15:05:45.447+0800 I CONTROL  [initandlisten] **          server with --bind_ip 127.0.0.1 to disable this warning.
2018-02-25T15:05:45.447+0800 I CONTROL  [initandlisten] 
2018-02-25T15:05:45.461+0800 I STORAGE  [initandlisten] createCollection: admin.system.version with provided UUID: 085e98a7-8246-431f-9675-5bf94dda649d
2018-02-25T15:05:45.488+0800 I COMMAND  [initandlisten] setting featureCompatibilityVersion to 3.6
2018-02-25T15:05:45.496+0800 I STORAGE  [initandlisten] createCollection: local.startup_log with generated UUID: 4b47c56c-fb81-4ad2-85bd-ec267fbb2460
2018-02-25T15:05:45.524+0800 I FTDC     [initandlisten] Initializing full-time diagnostic data capture with directory '/Users/stephenliu/Desktop/shopping/./server/db/data/diagnostic.data'
2018-02-25T15:05:45.526+0800 I NETWORK  [initandlisten] waiting for connections on port 27017
